<?xml version="1.0" encoding="UTF-8"?>
<!-- Generated by org.testng.reporters.JUnitReportReporter -->
<testsuite hostname="Ayyappas-MacBook-Air.local" failures="0" tests="1" name="com.ui.sel.ChromeGrid2" time="25.696" errors="0" timestamp="2022-05-03T13:27:03 IST" skipped="0">
  <testcase classname="com.ui.sel.ChromeGrid2" name="Test2" time="25.696"/>
</testsuite> <!-- com.ui.sel.ChromeGrid2 -->
