<?xml version="1.0" encoding="UTF-8"?>
<!-- Generated by org.testng.reporters.JUnitReportReporter -->
<testsuite hostname="Ayyappas-MacBook-Air.local" failures="0" tests="1" name="com.ui.sel.ChromeGrid3" time="20.237" errors="0" timestamp="2022-05-03T13:27:03 IST" skipped="0">
  <testcase classname="com.ui.sel.ChromeGrid3" name="Test3" time="20.237"/>
</testsuite> <!-- com.ui.sel.ChromeGrid3 -->
