<?xml version="1.0" encoding="UTF-8"?>
<!-- Generated by org.testng.reporters.JUnitReportReporter -->
<testsuite hostname="Ayyappas-MacBook-Air.local" failures="0" tests="1" name="com.ui.sel.ChromeGrid1" time="29.667" errors="0" timestamp="2022-05-07T12:58:12 IST" skipped="0">
  <testcase classname="com.ui.sel.ChromeGrid1" name="Test1" time="29.667"/>
</testsuite> <!-- com.ui.sel.ChromeGrid1 -->
